15:54:05.625 [main] INFO  testCases.TC_001_AccountRegisteration - *** Starting TC_001_AccountRegisteration ***
15:54:05.887 [main] INFO  testCases.TC_001_AccountRegisteration - Clicked on account link
15:54:06.188 [main] INFO  testCases.TC_001_AccountRegisteration - Clicked on register link
15:54:06.191 [main] INFO  testCases.TC_001_AccountRegisteration - Providing customer data
15:54:08.849 [main] INFO  testCases.TC_001_AccountRegisteration - Clicked on continue
15:54:08.872 [main] INFO  testCases.TC_001_AccountRegisteration - Validating expected message
15:54:08.873 [main] INFO  testCases.TC_001_AccountRegisteration - Finished logging test
15:58:56.511 [main] DEBUG io.netty.util.internal.logging.InternalLoggerFactory - Using Log4J2 as the default logging framework
15:58:56.521 [main] DEBUG io.netty.util.ResourceLeakDetector - -Dio.netty.leakDetection.level: simple
15:58:56.521 [main] DEBUG io.netty.util.ResourceLeakDetector - -Dio.netty.leakDetection.targetRecords: 4
15:58:56.523 [main] DEBUG io.netty.util.ResourceLeakDetectorFactory - Loaded default ResourceLeakDetector: io.netty.util.ResourceLeakDetector@6ff37443
15:58:56.533 [main] DEBUG io.netty.util.internal.PlatformDependent0 - -Dio.netty.noUnsafe: false
15:58:56.533 [main] DEBUG io.netty.util.internal.PlatformDependent0 - Java version: 18
15:58:56.534 [main] DEBUG io.netty.util.internal.PlatformDependent0 - sun.misc.Unsafe.theUnsafe: available
15:58:56.534 [main] DEBUG io.netty.util.internal.PlatformDependent0 - sun.misc.Unsafe.copyMemory: available
15:58:56.534 [main] DEBUG io.netty.util.internal.PlatformDependent0 - sun.misc.Unsafe.storeFence: available
15:58:56.535 [main] DEBUG io.netty.util.internal.PlatformDependent0 - java.nio.Buffer.address: available
15:58:56.535 [main] DEBUG io.netty.util.internal.PlatformDependent0 - direct buffer constructor: unavailable: Reflective setAccessible(true) disabled
15:58:56.535 [main] DEBUG io.netty.util.internal.PlatformDependent0 - java.nio.Bits.unaligned: available, true
15:58:56.536 [main] DEBUG io.netty.util.internal.PlatformDependent0 - jdk.internal.misc.Unsafe.allocateUninitializedArray(int): unavailable: class io.netty.util.internal.PlatformDependent0$7 cannot access class jdk.internal.misc.Unsafe (in module java.base) because module java.base does not export jdk.internal.misc to unnamed module @6d86b085
15:58:56.536 [main] DEBUG io.netty.util.internal.PlatformDependent0 - java.nio.DirectByteBuffer.<init>(long, int): unavailable
15:58:56.536 [main] DEBUG io.netty.util.internal.PlatformDependent - sun.misc.Unsafe: available
15:58:56.537 [main] DEBUG io.netty.util.internal.PlatformDependent - maxDirectMemory: 4242538496 bytes (maybe)
15:58:56.537 [main] DEBUG io.netty.util.internal.PlatformDependent - -Dio.netty.tmpdir: C:\Users\kamal\AppData\Local\Temp (java.io.tmpdir)
15:58:56.537 [main] DEBUG io.netty.util.internal.PlatformDependent - -Dio.netty.bitMode: 64 (sun.arch.data.model)
15:58:56.537 [main] DEBUG io.netty.util.internal.PlatformDependent - Platform: Windows
15:58:56.538 [main] DEBUG io.netty.util.internal.PlatformDependent - -Dio.netty.maxDirectMemory: -1 bytes
15:58:56.538 [main] DEBUG io.netty.util.internal.PlatformDependent - -Dio.netty.uninitializedArrayAllocationThreshold: -1
15:58:56.539 [main] DEBUG io.netty.util.internal.CleanerJava9 - java.nio.ByteBuffer.cleaner(): available
15:58:56.539 [main] DEBUG io.netty.util.internal.PlatformDependent - -Dio.netty.noPreferDirect: false
15:58:56.545 [main] DEBUG io.netty.util.internal.PlatformDependent - org.jctools-core.MpscChunkedArrayQueue: available
15:58:56.555 [main] DEBUG io.netty.util.internal.InternalThreadLocalMap - -Dio.netty.threadLocalMap.stringBuilder.initialSize: 1024
15:58:56.555 [main] DEBUG io.netty.util.internal.InternalThreadLocalMap - -Dio.netty.threadLocalMap.stringBuilder.maxSize: 4096
15:58:56.585 [main] DEBUG io.netty.handler.ssl.JdkSslContext - Default protocols (JDK): [TLSv1.3, TLSv1.2] 
15:58:56.585 [main] DEBUG io.netty.handler.ssl.JdkSslContext - Default cipher suites (JDK): [TLS_ECDHE_ECDSA_WITH_AES_256_GCM_SHA384, TLS_ECDHE_ECDSA_WITH_AES_128_GCM_SHA256, TLS_ECDHE_RSA_WITH_AES_128_GCM_SHA256, TLS_ECDHE_RSA_WITH_AES_256_GCM_SHA384, TLS_ECDHE_RSA_WITH_AES_128_CBC_SHA, TLS_ECDHE_RSA_WITH_AES_256_CBC_SHA, TLS_RSA_WITH_AES_128_GCM_SHA256, TLS_RSA_WITH_AES_128_CBC_SHA, TLS_RSA_WITH_AES_256_CBC_SHA, TLS_AES_128_GCM_SHA256, TLS_AES_256_GCM_SHA384]
15:58:56.600 [main] DEBUG io.netty.channel.MultithreadEventLoopGroup - -Dio.netty.eventLoopThreads: 16
15:58:56.605 [main] DEBUG io.netty.channel.nio.NioEventLoop - -Dio.netty.noKeySetOptimization: false
15:58:56.606 [main] DEBUG io.netty.channel.nio.NioEventLoop - -Dio.netty.selectorAutoRebuildThreshold: 512
15:58:56.629 [main] DEBUG io.netty.buffer.PooledByteBufAllocator - -Dio.netty.allocator.numHeapArenas: 16
15:58:56.629 [main] DEBUG io.netty.buffer.PooledByteBufAllocator - -Dio.netty.allocator.numDirectArenas: 16
15:58:56.629 [main] DEBUG io.netty.buffer.PooledByteBufAllocator - -Dio.netty.allocator.pageSize: 8192
15:58:56.629 [main] DEBUG io.netty.buffer.PooledByteBufAllocator - -Dio.netty.allocator.maxOrder: 9
15:58:56.629 [main] DEBUG io.netty.buffer.PooledByteBufAllocator - -Dio.netty.allocator.chunkSize: 4194304
15:58:56.629 [main] DEBUG io.netty.buffer.PooledByteBufAllocator - -Dio.netty.allocator.smallCacheSize: 256
15:58:56.629 [main] DEBUG io.netty.buffer.PooledByteBufAllocator - -Dio.netty.allocator.normalCacheSize: 64
15:58:56.629 [main] DEBUG io.netty.buffer.PooledByteBufAllocator - -Dio.netty.allocator.maxCachedBufferCapacity: 32768
15:58:56.629 [main] DEBUG io.netty.buffer.PooledByteBufAllocator - -Dio.netty.allocator.cacheTrimInterval: 8192
15:58:56.629 [main] DEBUG io.netty.buffer.PooledByteBufAllocator - -Dio.netty.allocator.cacheTrimIntervalMillis: 0
15:58:56.629 [main] DEBUG io.netty.buffer.PooledByteBufAllocator - -Dio.netty.allocator.useCacheForAllThreads: false
15:58:56.629 [main] DEBUG io.netty.buffer.PooledByteBufAllocator - -Dio.netty.allocator.maxCachedByteBuffersPerChunk: 1023
15:58:56.635 [main] DEBUG io.netty.buffer.ByteBufUtil - -Dio.netty.allocator.type: pooled
15:58:56.635 [main] DEBUG io.netty.buffer.ByteBufUtil - -Dio.netty.threadLocalDirectBufferSize: 0
15:58:56.635 [main] DEBUG io.netty.buffer.ByteBufUtil - -Dio.netty.maxThreadLocalCharBufferSize: 16384
15:58:56.800 [Forwarding newSession on session null to remote] DEBUG io.netty.channel.DefaultChannelId - -Dio.netty.processId: 12880 (auto-detected)
15:58:56.802 [Forwarding newSession on session null to remote] DEBUG io.netty.util.NetUtil - -Djava.net.preferIPv4Stack: false
15:58:56.802 [Forwarding newSession on session null to remote] DEBUG io.netty.util.NetUtil - -Djava.net.preferIPv6Addresses: false
15:58:56.808 [Forwarding newSession on session null to remote] DEBUG io.netty.util.NetUtilInitializations - Loopback interface: lo (Software Loopback Interface 1, 127.0.0.1)
15:58:56.809 [Forwarding newSession on session null to remote] DEBUG io.netty.util.NetUtil - Failed to get SOMAXCONN from sysctl and file \proc\sys\net\core\somaxconn. Default: 200
15:58:56.830 [Forwarding newSession on session null to remote] DEBUG io.netty.channel.DefaultChannelId - -Dio.netty.machineId: e0:2b:e9:ff:fe:46:94:1b (auto-detected)
15:58:56.859 [AsyncHttpClient-1-2] DEBUG io.netty.buffer.AbstractByteBuf - -Dio.netty.buffer.checkAccessible: true
15:58:56.859 [AsyncHttpClient-1-2] DEBUG io.netty.buffer.AbstractByteBuf - -Dio.netty.buffer.checkBounds: true
15:58:56.859 [AsyncHttpClient-1-2] DEBUG io.netty.util.ResourceLeakDetectorFactory - Loaded default ResourceLeakDetector: io.netty.util.ResourceLeakDetector@44e8190d
15:58:56.874 [AsyncHttpClient-1-2] DEBUG io.netty.util.Recycler - -Dio.netty.recycler.maxCapacityPerThread: 4096
15:58:56.874 [AsyncHttpClient-1-2] DEBUG io.netty.util.Recycler - -Dio.netty.recycler.ratio: 8
15:58:56.874 [AsyncHttpClient-1-2] DEBUG io.netty.util.Recycler - -Dio.netty.recycler.chunkSize: 32
15:58:56.874 [AsyncHttpClient-1-2] DEBUG io.netty.util.Recycler - -Dio.netty.recycler.blocking: false
15:58:57.421 [AsyncHttpClient-1-2] DEBUG io.netty.handler.codec.compression.Brotli - brotli4j not in the classpath; Brotli support will be unavailable.
15:58:57.494 [main] DEBUG io.netty.util.internal.ThreadLocalRandom - -Dio.netty.initialSeedUniquifier: 0x670d0dc8b7b133d4
15:58:58.095 [main] DEBUG testCases.TC_001_AccountRegisteration - Application log..........
15:58:58.095 [main] INFO  testCases.TC_001_AccountRegisteration - *** Starting TC_001_AccountRegisteration ***
15:58:58.158 [main] INFO  testCases.TC_001_AccountRegisteration - Clicked on account link
15:58:58.406 [main] INFO  testCases.TC_001_AccountRegisteration - Clicked on register link
15:58:58.408 [main] INFO  testCases.TC_001_AccountRegisteration - Providing customer data
15:59:01.148 [main] INFO  testCases.TC_001_AccountRegisteration - Clicked on continue
15:59:01.172 [main] INFO  testCases.TC_001_AccountRegisteration - Validating expected message
15:59:01.174 [main] INFO  testCases.TC_001_AccountRegisteration - Finished logging test
16:05:21.231 [main] INFO  testCases.TC_001_AccountRegisteration - *** Starting TC_001_AccountRegisteration ***
16:05:21.299 [main] INFO  testCases.TC_001_AccountRegisteration - Clicked on account link
16:05:21.551 [main] INFO  testCases.TC_001_AccountRegisteration - Clicked on register link
16:05:21.553 [main] INFO  testCases.TC_001_AccountRegisteration - Providing customer data
16:05:24.249 [main] INFO  testCases.TC_001_AccountRegisteration - Clicked on continue
16:05:24.273 [main] INFO  testCases.TC_001_AccountRegisteration - Validating expected message
16:05:24.281 [main] INFO  testCases.TC_001_AccountRegisteration - Finished logging test
16:08:40.834 [main] INFO  testCases.TC_001_AccountRegisteration - *** Starting TC_001_AccountRegisteration ***
16:08:40.906 [main] INFO  testCases.TC_001_AccountRegisteration - Clicked on account link
16:08:41.180 [main] INFO  testCases.TC_001_AccountRegisteration - Clicked on register link
16:08:41.184 [main] INFO  testCases.TC_001_AccountRegisteration - Providing customer data
16:08:43.823 [main] INFO  testCases.TC_001_AccountRegisteration - Clicked on continue
16:08:43.850 [main] INFO  testCases.TC_001_AccountRegisteration - Validating expected message
16:08:43.851 [main] INFO  testCases.TC_001_AccountRegisteration - Finished logging test
16:16:03.118 [main] INFO  testCases.TC_001_AccountRegisteration - *** Starting TC_001_AccountRegisteration ***
16:16:03.186 [main] INFO  testCases.TC_001_AccountRegisteration - Clicked on account link
16:16:03.460 [main] INFO  testCases.TC_001_AccountRegisteration - Clicked on register link
16:16:03.462 [main] INFO  testCases.TC_001_AccountRegisteration - Providing customer data
16:16:06.116 [main] INFO  testCases.TC_001_AccountRegisteration - Clicked on continue
16:16:06.141 [main] INFO  testCases.TC_001_AccountRegisteration - Validating expected message
16:16:06.143 [main] INFO  testCases.TC_001_AccountRegisteration - Finished logging test
16:31:40.664 [main] INFO  testCases.TC_001_AccountRegisteration - *** Starting TC_001_AccountRegisteration ***
16:31:40.914 [main] INFO  testCases.TC_001_AccountRegisteration - Clicked on account link
16:31:41.157 [main] INFO  testCases.TC_001_AccountRegisteration - Clicked on register link
16:31:41.159 [main] INFO  testCases.TC_001_AccountRegisteration - Providing customer data
16:31:43.787 [main] INFO  testCases.TC_001_AccountRegisteration - Clicked on continue
16:31:43.796 [main] INFO  testCases.TC_001_AccountRegisteration - Validating expected message
16:31:43.797 [main] INFO  testCases.TC_001_AccountRegisteration - Finished logging test
16:37:05.684 [main] INFO  testCases.TC_001_AccountRegisteration - *** Starting TC_001_AccountRegisteration ***
16:37:05.943 [main] INFO  testCases.TC_001_AccountRegisteration - Clicked on account link
16:37:06.169 [main] INFO  testCases.TC_001_AccountRegisteration - Clicked on register link
16:37:06.171 [main] INFO  testCases.TC_001_AccountRegisteration - Providing customer data
16:37:08.883 [main] INFO  testCases.TC_001_AccountRegisteration - Clicked on continue
16:37:08.894 [main] INFO  testCases.TC_001_AccountRegisteration - Validating expected message
16:37:08.896 [main] INFO  testCases.TC_001_AccountRegisteration - Finished logging test
16:37:16.129 [main] INFO  testCases.TC_001_AccountRegisteration - *** Starting TC_001_AccountRegisteration ***
16:37:16.188 [main] INFO  testCases.TC_001_AccountRegisteration - Clicked on account link
16:37:16.591 [main] INFO  testCases.TC_001_AccountRegisteration - Clicked on register link
16:37:16.592 [main] INFO  testCases.TC_001_AccountRegisteration - Providing customer data
16:37:19.333 [main] INFO  testCases.TC_001_AccountRegisteration - Clicked on continue
16:37:19.356 [main] INFO  testCases.TC_001_AccountRegisteration - Validating expected message
16:37:19.356 [main] INFO  testCases.TC_001_AccountRegisteration - Finished logging test
16:37:22.588 [main] INFO  testCases.TC_001_AccountRegisteration - *** Starting TC_001_AccountRegisteration ***
16:37:22.827 [main] INFO  testCases.TC_001_AccountRegisteration - Clicked on account link
16:37:23.093 [main] INFO  testCases.TC_001_AccountRegisteration - Clicked on register link
16:37:23.094 [main] INFO  testCases.TC_001_AccountRegisteration - Providing customer data
16:37:25.696 [main] INFO  testCases.TC_001_AccountRegisteration - Clicked on continue
16:37:25.707 [main] INFO  testCases.TC_001_AccountRegisteration - Validating expected message
16:37:25.707 [main] INFO  testCases.TC_001_AccountRegisteration - Finished logging test
16:40:13.039 [TestNG-tests-2] INFO  testCases.TC_001_AccountRegisteration - *** Starting TC_001_AccountRegisteration ***
16:40:13.163 [TestNG-tests-2] INFO  testCases.TC_001_AccountRegisteration - Clicked on account link
16:40:13.674 [TestNG-tests-2] INFO  testCases.TC_001_AccountRegisteration - Clicked on register link
16:40:13.676 [TestNG-tests-2] INFO  testCases.TC_001_AccountRegisteration - Providing customer data
16:40:14.874 [TestNG-tests-1] INFO  testCases.TC_001_AccountRegisteration - *** Starting TC_001_AccountRegisteration ***
16:40:15.123 [TestNG-tests-1] INFO  testCases.TC_001_AccountRegisteration - Clicked on account link
16:40:15.412 [TestNG-tests-1] INFO  testCases.TC_001_AccountRegisteration - Clicked on register link
16:40:15.413 [TestNG-tests-1] INFO  testCases.TC_001_AccountRegisteration - Providing customer data
16:40:16.285 [TestNG-tests-3] INFO  testCases.TC_001_AccountRegisteration - *** Starting TC_001_AccountRegisteration ***
16:40:16.970 [TestNG-tests-2] INFO  testCases.TC_001_AccountRegisteration - Clicked on continue
16:40:16.996 [TestNG-tests-2] INFO  testCases.TC_001_AccountRegisteration - Validating expected message
16:40:16.997 [TestNG-tests-2] INFO  testCases.TC_001_AccountRegisteration - Finished logging test
16:40:17.015 [TestNG-tests-3] INFO  testCases.TC_001_AccountRegisteration - Clicked on account link
16:40:17.634 [TestNG-tests-3] INFO  testCases.TC_001_AccountRegisteration - Clicked on register link
16:40:17.635 [TestNG-tests-3] INFO  testCases.TC_001_AccountRegisteration - Providing customer data
16:40:18.180 [TestNG-tests-1] INFO  testCases.TC_001_AccountRegisteration - Clicked on continue
16:40:18.190 [TestNG-tests-1] INFO  testCases.TC_001_AccountRegisteration - Validating expected message
16:40:18.190 [TestNG-tests-1] INFO  testCases.TC_001_AccountRegisteration - Finished logging test
16:40:21.027 [TestNG-tests-3] INFO  testCases.TC_001_AccountRegisteration - Clicked on continue
16:40:21.039 [TestNG-tests-3] INFO  testCases.TC_001_AccountRegisteration - Validating expected message
16:40:21.039 [TestNG-tests-3] INFO  testCases.TC_001_AccountRegisteration - Finished logging test
19:26:45.138 [TestNG-tests-2] INFO  testCases.TC_001_AccountRegisteration - *** Starting TC_001_AccountRegisteration ***
19:26:46.716 [TestNG-tests-3] INFO  testCases.TC_001_AccountRegisteration - *** Starting TC_001_AccountRegisteration ***
19:26:46.725 [TestNG-tests-1] INFO  testCases.TC_001_AccountRegisteration - *** Starting TC_001_AccountRegisteration ***
19:26:46.956 [TestNG-tests-2] INFO  testCases.TC_001_AccountRegisteration - Clicked on account link
19:26:47.164 [TestNG-tests-3] INFO  testCases.TC_001_AccountRegisteration - Clicked on account link
19:26:47.372 [TestNG-tests-1] INFO  testCases.TC_001_AccountRegisteration - Clicked on account link
19:26:48.340 [TestNG-tests-1] INFO  testCases.TC_001_AccountRegisteration - Clicked on register link
19:26:48.342 [TestNG-tests-1] INFO  testCases.TC_001_AccountRegisteration - Providing customer data
19:26:48.353 [TestNG-tests-2] ERROR testCases.TC_001_AccountRegisteration - Test failed
19:26:48.355 [TestNG-tests-3] ERROR testCases.TC_001_AccountRegisteration - Test failed
19:26:48.985 [TestNG-tests-1] ERROR testCases.TC_001_AccountRegisteration - Test failed
19:30:17.552 [TestNG-tests-2] INFO  testCases.TC_001_AccountRegisteration - *** Starting TC_001_AccountRegisteration ***
19:30:21.497 [TestNG-tests-3] INFO  testCases.TC_001_AccountRegisteration - *** Starting TC_001_AccountRegisteration ***
19:30:21.499 [TestNG-tests-1] INFO  testCases.TC_001_AccountRegisteration - *** Starting TC_001_AccountRegisteration ***
19:30:22.221 [TestNG-tests-2] INFO  testCases.TC_001_AccountRegisteration - Clicked on account link
19:30:22.733 [TestNG-tests-3] INFO  testCases.TC_001_AccountRegisteration - Clicked on account link
19:30:23.447 [TestNG-tests-1] INFO  testCases.TC_001_AccountRegisteration - Clicked on account link
19:30:24.080 [TestNG-tests-2] INFO  testCases.TC_001_AccountRegisteration - Clicked on register link
19:30:24.082 [TestNG-tests-2] INFO  testCases.TC_001_AccountRegisteration - Providing customer data
19:30:24.087 [TestNG-tests-3] ERROR testCases.TC_001_AccountRegisteration - Test failed
19:30:24.895 [TestNG-tests-2] ERROR testCases.TC_001_AccountRegisteration - Test failed
19:30:24.895 [TestNG-tests-1] ERROR testCases.TC_001_AccountRegisteration - Test failed
19:31:58.172 [main] INFO  testCases.TC_001_AccountRegisteration - *** Starting TC_001_AccountRegisteration ***
19:31:58.461 [main] INFO  testCases.TC_001_AccountRegisteration - Clicked on account link
19:31:58.840 [main] INFO  testCases.TC_001_AccountRegisteration - Clicked on register link
19:31:58.843 [main] INFO  testCases.TC_001_AccountRegisteration - Providing customer data
19:32:28.941 [main] ERROR testCases.TC_001_AccountRegisteration - Test failed
19:33:10.767 [main] INFO  testCases.TC_001_AccountRegisteration - *** Starting TC_001_AccountRegisteration ***
19:33:10.839 [main] INFO  testCases.TC_001_AccountRegisteration - Clicked on account link
19:33:11.226 [main] INFO  testCases.TC_001_AccountRegisteration - Clicked on register link
19:33:11.229 [main] INFO  testCases.TC_001_AccountRegisteration - Providing customer data
19:33:41.531 [main] ERROR testCases.TC_001_AccountRegisteration - Test failed
19:37:22.584 [main] INFO  testCases.TC_001_AccountRegisteration - *** Starting TC_001_AccountRegisteration ***
19:37:22.650 [main] INFO  testCases.TC_001_AccountRegisteration - Clicked on account link
19:37:23.171 [main] INFO  testCases.TC_001_AccountRegisteration - Clicked on register link
19:37:23.172 [main] INFO  testCases.TC_001_AccountRegisteration - Providing customer data
19:37:30.839 [main] ERROR testCases.TC_001_AccountRegisteration - Test failed
19:50:49.016 [main] INFO  testCases.TC_001_AccountRegisteration - *** Starting TC_001_AccountRegisteration ***
19:50:49.079 [main] INFO  testCases.TC_001_AccountRegisteration - Clicked on account link
19:50:49.474 [main] INFO  testCases.TC_001_AccountRegisteration - Clicked on register link
19:50:49.476 [main] INFO  testCases.TC_001_AccountRegisteration - Providing customer data
19:51:19.659 [main] ERROR testCases.TC_001_AccountRegisteration - Test failed
19:52:04.396 [main] INFO  testCases.TC_001_AccountRegisteration - *** Starting TC_001_AccountRegisteration ***
19:52:04.452 [main] INFO  testCases.TC_001_AccountRegisteration - Clicked on account link
19:52:04.842 [main] INFO  testCases.TC_001_AccountRegisteration - Clicked on register link
19:52:04.844 [main] INFO  testCases.TC_001_AccountRegisteration - Providing customer data
19:52:29.234 [main] ERROR testCases.TC_001_AccountRegisteration - Test failed
19:53:36.088 [main] INFO  testCases.TC_001_AccountRegisteration - *** Starting TC_001_AccountRegisteration ***
19:53:36.221 [main] INFO  testCases.TC_001_AccountRegisteration - Clicked on account link
19:53:36.480 [main] INFO  testCases.TC_001_AccountRegisteration - Clicked on register link
19:53:36.481 [main] INFO  testCases.TC_001_AccountRegisteration - Providing customer data
19:53:39.118 [main] INFO  testCases.TC_001_AccountRegisteration - Clicked on continue
19:53:39.142 [main] INFO  testCases.TC_001_AccountRegisteration - Validating expected message
19:53:39.144 [main] INFO  testCases.TC_001_AccountRegisteration - Finished logging test
19:54:55.335 [main] INFO  testCases.TC_001_AccountRegisteration - *** Starting TC_001_AccountRegisteration ***
19:54:55.387 [main] INFO  testCases.TC_001_AccountRegisteration - Clicked on account link
19:54:55.662 [main] INFO  testCases.TC_001_AccountRegisteration - Clicked on register link
19:54:55.663 [main] INFO  testCases.TC_001_AccountRegisteration - Providing customer data
19:54:58.434 [main] INFO  testCases.TC_001_AccountRegisteration - Clicked on continue
19:54:58.468 [main] INFO  testCases.TC_001_AccountRegisteration - Validating expected message
19:54:58.470 [main] INFO  testCases.TC_001_AccountRegisteration - Finished logging test
20:31:37.104 [TestNG-tests-1] INFO  testCases.TC_001_AccountRegisteration - *** Starting TC_001_AccountRegisteration ***
20:31:37.104 [TestNG-tests-3] INFO  testCases.TC_001_AccountRegisteration - *** Starting TC_001_AccountRegisteration ***
20:31:37.214 [TestNG-tests-3] INFO  testCases.TC_001_AccountRegisteration - Clicked on account link
20:31:37.234 [TestNG-tests-1] INFO  testCases.TC_001_AccountRegisteration - Clicked on account link
20:31:38.589 [TestNG-tests-2] INFO  testCases.TC_001_AccountRegisteration - *** Starting TC_001_AccountRegisteration ***
20:31:38.640 [TestNG-tests-2] INFO  testCases.TC_001_AccountRegisteration - Clicked on account link
20:31:38.993 [TestNG-tests-2] INFO  testCases.TC_001_AccountRegisteration - Clicked on register link
20:31:38.995 [TestNG-tests-2] INFO  testCases.TC_001_AccountRegisteration - Providing customer data
20:31:42.198 [TestNG-tests-2] INFO  testCases.TC_001_AccountRegisteration - Clicked on continue
20:31:42.222 [TestNG-tests-2] INFO  testCases.TC_001_AccountRegisteration - Validating expected message
20:31:42.223 [TestNG-tests-2] INFO  testCases.TC_001_AccountRegisteration - ***Finished logging test***
20:32:07.249 [TestNG-tests-3] ERROR testCases.TC_001_AccountRegisteration - Test failed
20:32:37.289 [TestNG-tests-1] ERROR testCases.TC_001_AccountRegisteration - Test failed
20:32:47.556 [main] INFO  testCases.TC_001_AccountRegisteration - *** Starting TC_001_AccountRegisteration ***
20:32:47.875 [main] INFO  testCases.TC_001_AccountRegisteration - Clicked on account link
20:32:48.138 [main] INFO  testCases.TC_001_AccountRegisteration - Clicked on register link
20:32:48.140 [main] INFO  testCases.TC_001_AccountRegisteration - Providing customer data
20:32:50.843 [main] INFO  testCases.TC_001_AccountRegisteration - Clicked on continue
20:32:50.869 [main] INFO  testCases.TC_001_AccountRegisteration - Validating expected message
20:32:50.870 [main] INFO  testCases.TC_001_AccountRegisteration - ***Finished logging test***
20:38:45.121 [main] INFO  testCases.TC_001_AccountRegisteration - *** Starting TC_001_AccountRegisteration ***
20:38:45.438 [main] INFO  testCases.TC_001_AccountRegisteration - Clicked on account link
20:38:45.713 [main] INFO  testCases.TC_001_AccountRegisteration - Clicked on register link
20:38:45.715 [main] INFO  testCases.TC_001_AccountRegisteration - Providing customer data
20:38:48.422 [main] INFO  testCases.TC_001_AccountRegisteration - Clicked on continue
20:38:48.444 [main] INFO  testCases.TC_001_AccountRegisteration - Validating expected message
20:38:48.446 [main] INFO  testCases.TC_001_AccountRegisteration - ***Finished logging test***
20:39:54.939 [main] INFO  testCases.TC_001_AccountRegisteration - *** Starting TC_001_AccountRegisteration ***
20:39:55.257 [main] INFO  testCases.TC_001_AccountRegisteration - Clicked on account link
20:39:55.530 [main] INFO  testCases.TC_001_AccountRegisteration - Clicked on register link
20:39:55.532 [main] INFO  testCases.TC_001_AccountRegisteration - Providing customer data
20:39:56.023 [main] INFO  testCases.TC_001_AccountRegisteration - Clicked on continue
20:40:02.429 [main] INFO  testCases.TC_001_AccountRegisteration - Validating expected message
23:12:47.517 [main] INFO  testCases.TC_002_LoginTest - *** Starting TC_002_LoginTest
23:12:47.589 [main] INFO  testCases.TC_002_LoginTest - Clicked on myAccount
23:12:47.868 [main] INFO  testCases.TC_002_LoginTest - Clicked on Register Link
23:12:47.870 [main] INFO  testCases.TC_002_LoginTest - Providing login details
23:14:40.111 [main] INFO  testCases.TC_002_LoginTest - *** Starting TC_002_LoginTest
23:14:40.432 [main] INFO  testCases.TC_002_LoginTest - Clicked on myAccount
23:14:40.657 [main] INFO  testCases.TC_002_LoginTest - Clicked on Register Link
23:14:40.659 [main] INFO  testCases.TC_002_LoginTest - Providing login details
23:15:07.164 [main] INFO  testCases.TC_002_LoginTest - *** Starting TC_002_LoginTest
23:15:07.541 [main] INFO  testCases.TC_002_LoginTest - Clicked on myAccount
23:15:07.765 [main] INFO  testCases.TC_002_LoginTest - Clicked on Register Link
23:15:07.766 [main] INFO  testCases.TC_002_LoginTest - Providing login details
23:19:04.826 [main] INFO  testCases.TC_002_LoginTest - *** Starting TC_002_LoginTest
23:19:05.141 [main] INFO  testCases.TC_002_LoginTest - Clicked on myAccount
23:19:05.341 [main] INFO  testCases.TC_002_LoginTest - Clicked on Register Link
23:19:05.342 [main] INFO  testCases.TC_002_LoginTest - Providing login details
23:19:05.682 [main] INFO  testCases.TC_002_LoginTest - Clicked on login button
23:19:05.713 [main] INFO  testCases.TC_002_LoginTest - *** Finished TC_002_LoginTest***
00:39:42.880 [main] INFO  testCases.TC_003_LoginDDT - *** Starting TC_003_LoginDTT***
00:39:42.932 [main] INFO  testCases.TC_003_LoginDDT - Clicked on myAccount
00:39:43.131 [main] INFO  testCases.TC_003_LoginDDT - Clicked on Register Link
00:39:43.132 [main] INFO  testCases.TC_003_LoginDDT - Providing login details
00:39:43.356 [main] INFO  testCases.TC_003_LoginDDT - *** Starting TC_003_LoginDTT***
00:39:43.386 [main] INFO  testCases.TC_003_LoginDDT - Clicked on myAccount
00:39:43.556 [main] INFO  testCases.TC_003_LoginDDT - Clicked on Register Link
00:39:43.556 [main] INFO  testCases.TC_003_LoginDDT - Providing login details
00:39:43.764 [main] INFO  testCases.TC_003_LoginDDT - *** Starting TC_003_LoginDTT***
00:39:43.792 [main] INFO  testCases.TC_003_LoginDDT - Clicked on myAccount
00:39:43.989 [main] INFO  testCases.TC_003_LoginDDT - Clicked on Register Link
00:39:43.989 [main] INFO  testCases.TC_003_LoginDDT - Providing login details
00:39:44.196 [main] INFO  testCases.TC_003_LoginDDT - *** Starting TC_003_LoginDTT***
00:39:44.224 [main] INFO  testCases.TC_003_LoginDDT - Clicked on myAccount
00:39:44.394 [main] INFO  testCases.TC_003_LoginDDT - Clicked on Register Link
00:39:44.394 [main] INFO  testCases.TC_003_LoginDDT - Providing login details
00:39:44.593 [main] INFO  testCases.TC_003_LoginDDT - *** Starting TC_003_LoginDTT***
00:39:44.623 [main] INFO  testCases.TC_003_LoginDDT - Clicked on myAccount
00:39:44.760 [main] INFO  testCases.TC_003_LoginDDT - Clicked on Register Link
00:39:44.760 [main] INFO  testCases.TC_003_LoginDDT - Providing login details
00:46:05.149 [main] INFO  testCases.TC_003_LoginDDT - *** Starting TC_003_LoginDTT***
00:46:05.199 [main] INFO  testCases.TC_003_LoginDDT - Clicked on myAccount
00:46:05.492 [main] INFO  testCases.TC_003_LoginDDT - Clicked on Register Link
00:46:05.493 [main] INFO  testCases.TC_003_LoginDDT - Providing login details
00:46:05.759 [main] INFO  testCases.TC_003_LoginDDT - *** Starting TC_003_LoginDTT***
00:46:05.789 [main] INFO  testCases.TC_003_LoginDDT - Clicked on myAccount
00:46:05.957 [main] INFO  testCases.TC_003_LoginDDT - Clicked on Register Link
00:46:05.957 [main] INFO  testCases.TC_003_LoginDDT - Providing login details
00:46:06.156 [main] INFO  testCases.TC_003_LoginDDT - *** Starting TC_003_LoginDTT***
00:46:06.186 [main] INFO  testCases.TC_003_LoginDDT - Clicked on myAccount
00:46:06.400 [main] INFO  testCases.TC_003_LoginDDT - Clicked on Register Link
00:46:06.400 [main] INFO  testCases.TC_003_LoginDDT - Providing login details
00:46:06.603 [main] INFO  testCases.TC_003_LoginDDT - *** Starting TC_003_LoginDTT***
00:46:06.633 [main] INFO  testCases.TC_003_LoginDDT - Clicked on myAccount
00:46:06.806 [main] INFO  testCases.TC_003_LoginDDT - Clicked on Register Link
00:46:06.806 [main] INFO  testCases.TC_003_LoginDDT - Providing login details
00:46:07.002 [main] INFO  testCases.TC_003_LoginDDT - *** Starting TC_003_LoginDTT***
00:46:07.028 [main] INFO  testCases.TC_003_LoginDDT - Clicked on myAccount
00:46:07.201 [main] INFO  testCases.TC_003_LoginDDT - Clicked on Register Link
00:46:07.201 [main] INFO  testCases.TC_003_LoginDDT - Providing login details
00:48:17.712 [main] INFO  testCases.TC_003_LoginDDT - *** Starting TC_003_LoginDTT***
00:48:48.687 [main] INFO  testCases.TC_003_LoginDDT - *** Starting TC_003_LoginDTT***
00:49:12.688 [main] INFO  testCases.TC_003_LoginDDT - *** Finished TC_003_LoginDTT***
00:49:12.690 [main] INFO  testCases.TC_003_LoginDDT - *** Starting TC_003_LoginDTT***
00:49:12.716 [main] INFO  testCases.TC_003_LoginDDT - *** Starting TC_003_LoginDTT***
00:49:12.726 [main] INFO  testCases.TC_003_LoginDDT - *** Starting TC_003_LoginDTT***
00:51:30.917 [main] INFO  testCases.TC_003_LoginDDT - *** Starting TC_003_LoginDTT***
00:51:31.875 [main] INFO  testCases.TC_003_LoginDDT - *** Finished TC_003_LoginDTT***
00:51:31.885 [main] INFO  testCases.TC_003_LoginDDT - *** Starting TC_003_LoginDTT***
00:52:02.477 [main] INFO  testCases.TC_003_LoginDDT - *** Finished TC_003_LoginDTT***
00:52:02.483 [main] INFO  testCases.TC_003_LoginDDT - *** Starting TC_003_LoginDTT***
00:52:33.047 [main] INFO  testCases.TC_003_LoginDDT - *** Finished TC_003_LoginDTT***
00:52:33.053 [main] INFO  testCases.TC_003_LoginDDT - *** Starting TC_003_LoginDTT***
00:53:03.673 [main] INFO  testCases.TC_003_LoginDDT - *** Finished TC_003_LoginDTT***
00:53:03.678 [main] INFO  testCases.TC_003_LoginDDT - *** Starting TC_003_LoginDTT***
00:53:04.617 [main] INFO  testCases.TC_003_LoginDDT - *** Finished TC_003_LoginDTT***
00:53:54.174 [main] INFO  testCases.TC_003_LoginDDT - *** Starting TC_003_LoginDTT***
00:53:55.189 [main] INFO  testCases.TC_003_LoginDDT - *** Finished TC_003_LoginDTT***
00:53:55.199 [main] INFO  testCases.TC_003_LoginDDT - *** Starting TC_003_LoginDTT***
00:54:05.760 [main] INFO  testCases.TC_003_LoginDDT - *** Finished TC_003_LoginDTT***
00:54:05.764 [main] INFO  testCases.TC_003_LoginDDT - *** Starting TC_003_LoginDTT***
00:54:16.379 [main] INFO  testCases.TC_003_LoginDDT - *** Finished TC_003_LoginDTT***
00:54:16.385 [main] INFO  testCases.TC_003_LoginDDT - *** Starting TC_003_LoginDTT***
00:54:26.901 [main] INFO  testCases.TC_003_LoginDDT - *** Finished TC_003_LoginDTT***
00:54:26.906 [main] INFO  testCases.TC_003_LoginDDT - *** Starting TC_003_LoginDTT***
00:54:27.831 [main] INFO  testCases.TC_003_LoginDDT - *** Finished TC_003_LoginDTT***
15:52:39.847 [main] INFO  testCases.TC_004_SearchPage - ***Started TC_004_SearchPage****
15:59:30.718 [main] INFO  testCases.TC_004_SearchPage - ***Started TC_004_SearchPage****
15:59:31.032 [main] INFO  testCases.TC_004_SearchPage - Clicked on myAccountLink
15:59:31.306 [main] INFO  testCases.TC_004_SearchPage - Clicked on myRegisterLink
15:59:31.308 [main] INFO  testCases.TC_004_SearchPage - Provided email and password
15:59:31.655 [main] INFO  testCases.TC_004_SearchPage - Clicked on continue button
15:59:31.858 [main] INFO  testCases.TC_004_SearchPage - Clicked on my HomePage
15:59:31.905 [main] INFO  testCases.TC_004_SearchPage - Searched for iPhone on the search bar
15:59:41.956 [main] INFO  testCases.TC_004_SearchPage - Validating iPhone presence
15:59:41.988 [main] INFO  testCases.TC_004_SearchPage - Clicked on add to cart button
15:59:42.012 [main] INFO  testCases.TC_004_SearchPage - Validating add to cart success message
15:59:42.093 [main] INFO  testCases.TC_004_SearchPage - Validating add to cart total is present
15:59:42.093 [main] INFO  testCases.TC_004_SearchPage - ***Finished TC_004_SearchPage****
16:00:46.347 [main] INFO  testCases.TC_001_AccountRegisteration - *** Starting TC_001_AccountRegisteration ***
16:00:46.417 [main] INFO  testCases.TC_001_AccountRegisteration - Clicked on account link
16:00:46.706 [main] INFO  testCases.TC_001_AccountRegisteration - Clicked on register link
16:00:46.708 [main] INFO  testCases.TC_001_AccountRegisteration - Providing customer data
16:00:47.214 [main] INFO  testCases.TC_001_AccountRegisteration - Clicked on continue
16:00:57.251 [main] INFO  testCases.TC_001_AccountRegisteration - Validating expected message
16:00:58.930 [main] INFO  testCases.TC_002_LoginTest - *** Starting TC_002_LoginTest
16:00:59.289 [main] INFO  testCases.TC_002_LoginTest - Clicked on myAccount
16:00:59.549 [main] INFO  testCases.TC_002_LoginTest - Clicked on Register Link
16:00:59.551 [main] INFO  testCases.TC_002_LoginTest - Providing login details
16:00:59.941 [main] INFO  testCases.TC_002_LoginTest - Clicked on login button
16:00:59.972 [main] INFO  testCases.TC_002_LoginTest - *** Finished TC_002_LoginTest***
16:01:02.211 [main] INFO  testCases.TC_003_LoginDDT - *** Starting TC_003_LoginDTT***
16:01:03.054 [main] INFO  testCases.TC_003_LoginDDT - *** Finished TC_003_LoginDTT***
16:01:03.057 [main] INFO  testCases.TC_003_LoginDDT - *** Starting TC_003_LoginDTT***
16:01:13.507 [main] INFO  testCases.TC_003_LoginDDT - *** Finished TC_003_LoginDTT***
16:01:13.509 [main] INFO  testCases.TC_003_LoginDDT - *** Starting TC_003_LoginDTT***
16:01:23.957 [main] INFO  testCases.TC_003_LoginDDT - *** Finished TC_003_LoginDTT***
16:01:23.958 [main] INFO  testCases.TC_003_LoginDDT - *** Starting TC_003_LoginDTT***
16:01:34.433 [main] INFO  testCases.TC_003_LoginDDT - *** Finished TC_003_LoginDTT***
16:01:34.436 [main] INFO  testCases.TC_003_LoginDDT - *** Starting TC_003_LoginDTT***
16:01:35.131 [main] INFO  testCases.TC_003_LoginDDT - *** Finished TC_003_LoginDTT***
16:01:36.542 [main] INFO  testCases.TC_004_SearchPage - ***Started TC_004_SearchPage****
16:01:36.908 [main] INFO  testCases.TC_004_SearchPage - Clicked on myAccountLink
16:01:37.147 [main] INFO  testCases.TC_004_SearchPage - Clicked on myRegisterLink
16:01:37.148 [main] INFO  testCases.TC_004_SearchPage - Provided email and password
16:01:37.520 [main] INFO  testCases.TC_004_SearchPage - Clicked on continue button
16:01:37.731 [main] INFO  testCases.TC_004_SearchPage - Clicked on my HomePage
16:01:37.774 [main] INFO  testCases.TC_004_SearchPage - Searched for iPhone on the search bar
16:01:47.815 [main] INFO  testCases.TC_004_SearchPage - Validating iPhone presence
16:01:47.849 [main] INFO  testCases.TC_004_SearchPage - Clicked on add to cart button
16:01:47.867 [main] INFO  testCases.TC_004_SearchPage - Validating add to cart success message
16:01:47.948 [main] INFO  testCases.TC_004_SearchPage - Validating add to cart total is present
16:01:47.949 [main] INFO  testCases.TC_004_SearchPage - ***Finished TC_004_SearchPage****
16:31:40.715 [main] INFO  testCases.TC_001_AccountRegisteration - *** Starting TC_001_AccountRegisteration ***
16:31:41.047 [main] INFO  testCases.TC_001_AccountRegisteration - Clicked on account link
16:31:41.314 [main] INFO  testCases.TC_001_AccountRegisteration - Clicked on register link
16:31:41.315 [main] INFO  testCases.TC_001_AccountRegisteration - Providing customer data
16:31:43.885 [main] INFO  testCases.TC_001_AccountRegisteration - Clicked on continue
16:31:43.910 [main] INFO  testCases.TC_001_AccountRegisteration - Validating expected message
16:31:43.912 [main] INFO  testCases.TC_001_AccountRegisteration - ***Finished logging test***
16:31:45.418 [main] INFO  testCases.TC_002_LoginTest - *** Starting TC_002_LoginTest
16:31:45.736 [main] INFO  testCases.TC_002_LoginTest - Clicked on myAccount
16:31:45.975 [main] INFO  testCases.TC_002_LoginTest - Clicked on Register Link
16:31:45.976 [main] INFO  testCases.TC_002_LoginTest - Providing login details
16:31:46.376 [main] INFO  testCases.TC_002_LoginTest - Clicked on login button
16:31:46.413 [main] INFO  testCases.TC_002_LoginTest - *** Finished TC_002_LoginTest***
16:31:48.688 [main] INFO  testCases.TC_003_LoginDDT - *** Starting TC_003_LoginDTT***
16:31:49.587 [main] INFO  testCases.TC_003_LoginDDT - *** Finished TC_003_LoginDTT***
16:31:49.590 [main] INFO  testCases.TC_003_LoginDDT - *** Starting TC_003_LoginDTT***
16:32:00.052 [main] INFO  testCases.TC_003_LoginDDT - *** Finished TC_003_LoginDTT***
16:32:00.053 [main] INFO  testCases.TC_003_LoginDDT - *** Starting TC_003_LoginDTT***
16:32:10.540 [main] INFO  testCases.TC_003_LoginDDT - *** Finished TC_003_LoginDTT***
16:32:10.544 [main] INFO  testCases.TC_003_LoginDDT - *** Starting TC_003_LoginDTT***
16:32:21.017 [main] INFO  testCases.TC_003_LoginDDT - *** Finished TC_003_LoginDTT***
16:32:21.018 [main] INFO  testCases.TC_003_LoginDDT - *** Starting TC_003_LoginDTT***
16:32:21.788 [main] INFO  testCases.TC_003_LoginDDT - *** Finished TC_003_LoginDTT***
16:32:23.263 [main] INFO  testCases.TC_004_SearchPage - ***Started TC_004_SearchPage****
16:32:23.634 [main] INFO  testCases.TC_004_SearchPage - Clicked on myAccountLink
16:32:23.867 [main] INFO  testCases.TC_004_SearchPage - Clicked on myRegisterLink
16:32:23.867 [main] INFO  testCases.TC_004_SearchPage - Provided email and password
16:32:24.274 [main] INFO  testCases.TC_004_SearchPage - Clicked on continue button
16:32:24.484 [main] INFO  testCases.TC_004_SearchPage - Clicked on my HomePage
16:32:24.530 [main] INFO  testCases.TC_004_SearchPage - Searched for iPhone on the search bar
16:32:34.577 [main] INFO  testCases.TC_004_SearchPage - Validating iPhone presence
16:32:34.613 [main] INFO  testCases.TC_004_SearchPage - Clicked on add to cart button
16:32:34.634 [main] INFO  testCases.TC_004_SearchPage - Validating add to cart success message
16:32:34.713 [main] INFO  testCases.TC_004_SearchPage - Validating add to cart total is present
16:32:34.714 [main] INFO  testCases.TC_004_SearchPage - ***Finished TC_004_SearchPage****
17:47:47.338 [main] INFO  testCases.TC_002_LoginTest - *** Starting TC_002_LoginTest
17:47:47.634 [main] INFO  testCases.TC_002_LoginTest - Clicked on myAccount
17:47:47.903 [main] INFO  testCases.TC_002_LoginTest - Clicked on Register Link
17:47:47.904 [main] INFO  testCases.TC_002_LoginTest - Providing login details
17:47:48.244 [main] INFO  testCases.TC_002_LoginTest - Clicked on login button
17:47:48.276 [main] INFO  testCases.TC_002_LoginTest - *** Finished TC_002_LoginTest***
17:48:53.745 [main] INFO  testCases.TC_001_AccountRegisteration - *** Starting TC_001_AccountRegisteration ***
17:48:54.140 [main] INFO  testCases.TC_001_AccountRegisteration - Clicked on account link
17:48:54.425 [main] INFO  testCases.TC_001_AccountRegisteration - Clicked on register link
17:48:54.427 [main] INFO  testCases.TC_001_AccountRegisteration - Providing customer data
17:48:57.011 [main] INFO  testCases.TC_001_AccountRegisteration - Clicked on continue
17:48:57.039 [main] INFO  testCases.TC_001_AccountRegisteration - Validating expected message
17:48:57.040 [main] INFO  testCases.TC_001_AccountRegisteration - ***Finished logging test***
17:48:58.521 [main] INFO  testCases.TC_002_LoginTest - *** Starting TC_002_LoginTest
17:48:58.903 [main] INFO  testCases.TC_002_LoginTest - Clicked on myAccount
17:48:59.167 [main] INFO  testCases.TC_002_LoginTest - Clicked on Register Link
17:48:59.167 [main] INFO  testCases.TC_002_LoginTest - Providing login details
17:48:59.604 [main] INFO  testCases.TC_002_LoginTest - Clicked on login button
17:48:59.641 [main] INFO  testCases.TC_002_LoginTest - *** Finished TC_002_LoginTest***
18:32:05.001 [main] INFO  testCases.TC_001_AccountRegisteration - *** Starting TC_001_AccountRegisteration ***
18:32:05.340 [main] INFO  testCases.TC_001_AccountRegisteration - Clicked on account link
18:32:05.626 [main] INFO  testCases.TC_001_AccountRegisteration - Clicked on register link
18:32:05.630 [main] INFO  testCases.TC_001_AccountRegisteration - Providing customer data
18:32:08.180 [main] INFO  testCases.TC_001_AccountRegisteration - Clicked on continue
18:32:08.204 [main] INFO  testCases.TC_001_AccountRegisteration - Validating expected message
18:32:08.205 [main] INFO  testCases.TC_001_AccountRegisteration - ***Finished logging test***
18:32:09.669 [main] INFO  testCases.TC_002_LoginTest - *** Starting TC_002_LoginTest
18:32:09.729 [main] INFO  testCases.TC_002_LoginTest - Clicked on myAccount
18:32:09.982 [main] INFO  testCases.TC_002_LoginTest - Clicked on Register Link
18:32:09.983 [main] INFO  testCases.TC_002_LoginTest - Providing login details
18:32:10.428 [main] INFO  testCases.TC_002_LoginTest - Clicked on login button
18:32:10.465 [main] INFO  testCases.TC_002_LoginTest - *** Finished TC_002_LoginTest***
18:40:26.820 [main] INFO  testCases.TC_001_AccountRegisteration - *** Starting TC_001_AccountRegisteration ***
18:40:27.118 [main] INFO  testCases.TC_001_AccountRegisteration - Clicked on account link
18:40:27.401 [main] INFO  testCases.TC_001_AccountRegisteration - Clicked on register link
18:40:27.402 [main] INFO  testCases.TC_001_AccountRegisteration - Providing customer data
18:40:30.021 [main] INFO  testCases.TC_001_AccountRegisteration - Clicked on continue
18:40:30.046 [main] INFO  testCases.TC_001_AccountRegisteration - Validating expected message
18:40:30.047 [main] INFO  testCases.TC_001_AccountRegisteration - ***Finished logging test***
18:40:31.541 [main] INFO  testCases.TC_002_LoginTest - *** Starting TC_002_LoginTest
18:40:31.921 [main] INFO  testCases.TC_002_LoginTest - Clicked on myAccount
18:40:32.170 [main] INFO  testCases.TC_002_LoginTest - Clicked on Register Link
18:40:32.171 [main] INFO  testCases.TC_002_LoginTest - Providing login details
18:40:32.640 [main] INFO  testCases.TC_002_LoginTest - Clicked on login button
18:40:32.670 [main] INFO  testCases.TC_002_LoginTest - *** Finished TC_002_LoginTest***
18:40:34.915 [main] INFO  testCases.TC_003_LoginDDT - *** Starting TC_003_LoginDTT***
18:40:35.749 [main] INFO  testCases.TC_003_LoginDDT - *** Finished TC_003_LoginDTT***
18:40:35.750 [main] INFO  testCases.TC_003_LoginDDT - *** Starting TC_003_LoginDTT***
18:40:46.293 [main] INFO  testCases.TC_003_LoginDDT - *** Finished TC_003_LoginDTT***
18:40:46.294 [main] INFO  testCases.TC_003_LoginDDT - *** Starting TC_003_LoginDTT***
18:40:56.804 [main] INFO  testCases.TC_003_LoginDDT - *** Finished TC_003_LoginDTT***
18:40:56.805 [main] INFO  testCases.TC_003_LoginDDT - *** Starting TC_003_LoginDTT***
18:41:07.339 [main] INFO  testCases.TC_003_LoginDDT - *** Finished TC_003_LoginDTT***
18:41:07.341 [main] INFO  testCases.TC_003_LoginDDT - *** Starting TC_003_LoginDTT***
18:41:18.980 [main] INFO  testCases.TC_004_SearchPage - ***Started TC_004_SearchPage****
18:41:19.357 [main] INFO  testCases.TC_004_SearchPage - Clicked on myAccountLink
18:41:19.625 [main] INFO  testCases.TC_004_SearchPage - Clicked on myRegisterLink
18:41:19.626 [main] INFO  testCases.TC_004_SearchPage - Provided email and password
18:41:20.049 [main] INFO  testCases.TC_004_SearchPage - Clicked on continue button
18:41:20.317 [main] INFO  testCases.TC_004_SearchPage - Clicked on my HomePage
18:41:20.366 [main] INFO  testCases.TC_004_SearchPage - Searched for iPhone on the search bar
18:41:30.381 [main] INFO  testCases.TC_004_SearchPage - Validating iPhone presence
18:41:30.415 [main] INFO  testCases.TC_004_SearchPage - Clicked on add to cart button
18:41:30.433 [main] INFO  testCases.TC_004_SearchPage - Validating add to cart success message
18:41:30.508 [main] INFO  testCases.TC_004_SearchPage - Validating add to cart total is present
18:41:30.508 [main] INFO  testCases.TC_004_SearchPage - ***Finished TC_004_SearchPage****
18:43:18.055 [main] INFO  testCases.TC_001_AccountRegisteration - *** Starting TC_001_AccountRegisteration ***
18:43:18.361 [main] INFO  testCases.TC_001_AccountRegisteration - Clicked on account link
18:43:18.654 [main] INFO  testCases.TC_001_AccountRegisteration - Clicked on register link
18:43:18.655 [main] INFO  testCases.TC_001_AccountRegisteration - Providing customer data
18:43:21.315 [main] INFO  testCases.TC_001_AccountRegisteration - Clicked on continue
18:43:21.341 [main] INFO  testCases.TC_001_AccountRegisteration - Validating expected message
18:43:21.342 [main] INFO  testCases.TC_001_AccountRegisteration - ***Finished logging test***
18:43:22.881 [main] INFO  testCases.TC_002_LoginTest - *** Starting TC_002_LoginTest
18:43:23.259 [main] INFO  testCases.TC_002_LoginTest - Clicked on myAccount
18:43:23.503 [main] INFO  testCases.TC_002_LoginTest - Clicked on Register Link
18:43:23.504 [main] INFO  testCases.TC_002_LoginTest - Providing login details
18:43:23.940 [main] INFO  testCases.TC_002_LoginTest - Clicked on login button
18:43:23.976 [main] INFO  testCases.TC_002_LoginTest - *** Finished TC_002_LoginTest***
19:23:03.784 [main] INFO  testCases.TC_001_AccountRegisteration - *** Starting TC_001_AccountRegisteration ***
19:23:04.102 [main] INFO  testCases.TC_001_AccountRegisteration - Clicked on account link
19:23:04.448 [main] INFO  testCases.TC_001_AccountRegisteration - Clicked on register link
19:23:04.449 [main] INFO  testCases.TC_001_AccountRegisteration - Providing customer data
19:23:07.099 [main] INFO  testCases.TC_001_AccountRegisteration - Clicked on continue
19:23:07.126 [main] INFO  testCases.TC_001_AccountRegisteration - Validating expected message
19:23:07.127 [main] INFO  testCases.TC_001_AccountRegisteration - ***Finished logging test***
19:23:09.431 [main] INFO  testCases.TC_002_LoginTest - *** Starting TC_002_LoginTest
19:23:09.485 [main] INFO  testCases.TC_002_LoginTest - Clicked on myAccount
19:23:09.747 [main] INFO  testCases.TC_002_LoginTest - Clicked on Register Link
19:23:09.749 [main] INFO  testCases.TC_002_LoginTest - Providing login details
19:23:10.169 [main] INFO  testCases.TC_002_LoginTest - Clicked on login button
19:23:10.207 [main] INFO  testCases.TC_002_LoginTest - *** Finished TC_002_LoginTest***
08:17:21.214 [main] INFO  testCases.TC_001_AccountRegisteration - *** Starting TC_001_AccountRegisteration ***
08:17:21.736 [main] INFO  testCases.TC_001_AccountRegisteration - Clicked on account link
08:17:22.291 [main] INFO  testCases.TC_001_AccountRegisteration - Clicked on register link
08:17:22.293 [main] INFO  testCases.TC_001_AccountRegisteration - Providing customer data
08:17:25.567 [main] INFO  testCases.TC_001_AccountRegisteration - Clicked on continue
08:17:25.591 [main] INFO  testCases.TC_001_AccountRegisteration - Validating expected message
08:17:25.593 [main] INFO  testCases.TC_001_AccountRegisteration - ***Finished logging test***
08:17:27.539 [main] INFO  testCases.TC_002_LoginTest - *** Starting TC_002_LoginTest
08:17:28.005 [main] INFO  testCases.TC_002_LoginTest - Clicked on myAccount
08:17:28.376 [main] INFO  testCases.TC_002_LoginTest - Clicked on Register Link
08:17:28.378 [main] INFO  testCases.TC_002_LoginTest - Providing login details
08:17:28.920 [main] INFO  testCases.TC_002_LoginTest - Clicked on login button
08:17:28.961 [main] INFO  testCases.TC_002_LoginTest - *** Finished TC_002_LoginTest***
08:38:18.106 [main] INFO  testCases.TC_001_AccountRegisteration - *** Starting TC_001_AccountRegisteration ***
08:38:18.426 [main] INFO  testCases.TC_001_AccountRegisteration - Clicked on account link
08:38:18.711 [main] INFO  testCases.TC_001_AccountRegisteration - Clicked on register link
08:38:18.713 [main] INFO  testCases.TC_001_AccountRegisteration - Providing customer data
08:38:21.322 [main] INFO  testCases.TC_001_AccountRegisteration - Clicked on continue
08:38:21.350 [main] INFO  testCases.TC_001_AccountRegisteration - Validating expected message
08:38:21.352 [main] INFO  testCases.TC_001_AccountRegisteration - ***Finished logging test***
08:38:22.820 [main] INFO  testCases.TC_002_LoginTest - *** Starting TC_002_LoginTest
08:38:23.180 [main] INFO  testCases.TC_002_LoginTest - Clicked on myAccount
08:38:23.396 [main] INFO  testCases.TC_002_LoginTest - Clicked on Register Link
08:38:23.397 [main] INFO  testCases.TC_002_LoginTest - Providing login details
08:38:23.792 [main] INFO  testCases.TC_002_LoginTest - Clicked on login button
08:38:23.825 [main] INFO  testCases.TC_002_LoginTest - *** Finished TC_002_LoginTest***
08:42:52.410 [main] INFO  testCases.TC_001_AccountRegisteration - *** Starting TC_001_AccountRegisteration ***
08:42:52.481 [main] INFO  testCases.TC_001_AccountRegisteration - Clicked on account link
08:42:52.804 [main] INFO  testCases.TC_001_AccountRegisteration - Clicked on register link
08:42:52.806 [main] INFO  testCases.TC_001_AccountRegisteration - Providing customer data
